Flow report for project
Mon May 21 15:08:33 2018
Quartus II Version 9.1 Build 222 10/21/2009 SJ Web Edition


---------------------
; Table of Contents ;
---------------------
  1. Legal Notice
  2. Flow Summary
  3. Flow Settings
  4. Flow Non-Default Global Settings
  5. Flow Elapsed Time
  6. Flow OS Summary
  7. Flow Log



----------------
; Legal Notice ;
----------------
Copyright (C) 1991-2009 Altera Corporation
Your use of Altera Corporation's design tools, logic functions 
and other software and tools, and its AMPP partner logic 
functions, and any output files from any of the foregoing 
(including device programming or simulation files), and any 
associated documentation or information are expressly subject 
to the terms and conditions of the Altera Program License 
Subscription Agreement, Altera MegaCore Function License 
Agreement, or other applicable license agreement, including, 
without limitation, that your use is for the sole purpose of 
programming logic devices manufactured by Altera and sold by 
Altera or its authorized distributors.  Please refer to the 
applicable agreement for further details.



+-------------------------------------------------------------------------+
; Flow Summary                                                            ;
+-------------------------------+-----------------------------------------+
; Flow Status                   ; Successful - Mon May 21 15:08:33 2018   ;
; Quartus II Version            ; 9.1 Build 222 10/21/2009 SJ Web Edition ;
; Revision Name                 ; project                                 ;
; Top-level Entity Name         ; main                                    ;
; Family                        ; Stratix II                              ;
; Met timing requirements       ; No                                      ;
; Logic utilization             ; 7 %                                     ;
;     Combinational ALUTs       ; 478 / 12,480 ( 4 % )                    ;
;     Dedicated logic registers ; 470 / 12,480 ( 4 % )                    ;
; Total registers               ; 470                                     ;
; Total pins                    ; 175 / 343 ( 51 % )                      ;
; Total virtual pins            ; 0                                       ;
; Total block memory bits       ; 7,680 / 419,328 ( 2 % )                 ;
; DSP block 9-bit elements      ; 0 / 96 ( 0 % )                          ;
; Total PLLs                    ; 0 / 6 ( 0 % )                           ;
; Total DLLs                    ; 0 / 2 ( 0 % )                           ;
; Device                        ; EP2S15F484C3                            ;
; Timing Models                 ; Final                                   ;
+-------------------------------+-----------------------------------------+


+-----------------------------------------+
; Flow Settings                           ;
+-------------------+---------------------+
; Option            ; Setting             ;
+-------------------+---------------------+
; Start date & time ; 05/21/2018 15:08:17 ;
; Main task         ; Compilation         ;
; Revision Name     ; project             ;
+-------------------+---------------------+


+--------------------------------------------------------------------------------------------------------------------+
; Flow Non-Default Global Settings                                                                                   ;
+------------------------------------+--------------------------------+---------------+-------------+----------------+
; Assignment Name                    ; Value                          ; Default Value ; Entity Name ; Section Id     ;
+------------------------------------+--------------------------------+---------------+-------------+----------------+
; COMPILER_SIGNATURE_ID              ; 70975886693516.152690449702668 ; --            ; --          ; --             ;
; IP_TOOL_NAME                       ; LPM_FF                         ; --            ; --          ; --             ;
; IP_TOOL_NAME                       ; LPM_DECODE                     ; --            ; --          ; --             ;
; IP_TOOL_NAME                       ; LPM_COUNTER                    ; --            ; --          ; --             ;
; IP_TOOL_NAME                       ; LPM_COMPARE                    ; --            ; --          ; --             ;
; IP_TOOL_NAME                       ; LPM_COMPARE                    ; --            ; --          ; --             ;
; IP_TOOL_NAME                       ; LPM_MUX                        ; --            ; --          ; --             ;
; IP_TOOL_NAME                       ; LPM_CONSTANT                   ; --            ; --          ; --             ;
; IP_TOOL_NAME                       ; LPM_BUSTRI                     ; --            ; --          ; --             ;
; IP_TOOL_NAME                       ; LPM_FF                         ; --            ; --          ; --             ;
; IP_TOOL_NAME                       ; LPM_DECODE                     ; --            ; --          ; --             ;
; IP_TOOL_NAME                       ; LPM_MUX                        ; --            ; --          ; --             ;
; IP_TOOL_NAME                       ; LPM_BUSTRI                     ; --            ; --          ; --             ;
; IP_TOOL_NAME                       ; LPM_INV                        ; --            ; --          ; --             ;
; IP_TOOL_NAME                       ; LPM_OR                         ; --            ; --          ; --             ;
; IP_TOOL_NAME                       ; LPM_ADD_SUB                    ; --            ; --          ; --             ;
; IP_TOOL_NAME                       ; LPM_CLSHIFT                    ; --            ; --          ; --             ;
; IP_TOOL_NAME                       ; LPM_ROM                        ; --            ; --          ; --             ;
; IP_TOOL_NAME                       ; LPM_RAM_DQ                     ; --            ; --          ; --             ;
; IP_TOOL_NAME                       ; LPM_ADD_SUB                    ; --            ; --          ; --             ;
; IP_TOOL_NAME                       ; LPM_ADD_SUB                    ; --            ; --          ; --             ;
; IP_TOOL_NAME                       ; LPM_BUSTRI                     ; --            ; --          ; --             ;
; IP_TOOL_NAME                       ; LPM_FF                         ; --            ; --          ; --             ;
; IP_TOOL_NAME                       ; LPM_FF                         ; --            ; --          ; --             ;
; IP_TOOL_NAME                       ; LPM_DECODE                     ; --            ; --          ; --             ;
; IP_TOOL_NAME                       ; LPM_COUNTER                    ; --            ; --          ; --             ;
; IP_TOOL_NAME                       ; LPM_BUSTRI                     ; --            ; --          ; --             ;
; IP_TOOL_NAME                       ; LPM_DECODE                     ; --            ; --          ; --             ;
; IP_TOOL_NAME                       ; LPM_DECODE                     ; --            ; --          ; --             ;
; IP_TOOL_NAME                       ; LPM_FF                         ; --            ; --          ; --             ;
; IP_TOOL_NAME                       ; LPM_ADD_SUB                    ; --            ; --          ; --             ;
; IP_TOOL_NAME                       ; LPM_ADD_SUB                    ; --            ; --          ; --             ;
; IP_TOOL_NAME                       ; LPM_BUSTRI                     ; --            ; --          ; --             ;
; IP_TOOL_NAME                       ; LPM_ADD_SUB                    ; --            ; --          ; --             ;
; IP_TOOL_NAME                       ; LPM_COMPARE                    ; --            ; --          ; --             ;
; IP_TOOL_NAME                       ; LPM_COMPARE                    ; --            ; --          ; --             ;
; IP_TOOL_NAME                       ; LPM_COMPARE                    ; --            ; --          ; --             ;
; IP_TOOL_NAME                       ; LPM_COUNTER                    ; --            ; --          ; --             ;
; IP_TOOL_NAME                       ; LPM_DECODE                     ; --            ; --          ; --             ;
; IP_TOOL_NAME                       ; LPM_BUSTRI                     ; --            ; --          ; --             ;
; IP_TOOL_NAME                       ; LPM_BUSTRI                     ; --            ; --          ; --             ;
; IP_TOOL_VERSION                    ; 9.1                            ; --            ; --          ; --             ;
; IP_TOOL_VERSION                    ; 9.1                            ; --            ; --          ; --             ;
; IP_TOOL_VERSION                    ; 9.1                            ; --            ; --          ; --             ;
; IP_TOOL_VERSION                    ; 9.1                            ; --            ; --          ; --             ;
; IP_TOOL_VERSION                    ; 9.1                            ; --            ; --          ; --             ;
; IP_TOOL_VERSION                    ; 9.1                            ; --            ; --          ; --             ;
; IP_TOOL_VERSION                    ; 9.1                            ; --            ; --          ; --             ;
; IP_TOOL_VERSION                    ; 9.1                            ; --            ; --          ; --             ;
; IP_TOOL_VERSION                    ; 9.1                            ; --            ; --          ; --             ;
; IP_TOOL_VERSION                    ; 9.1                            ; --            ; --          ; --             ;
; IP_TOOL_VERSION                    ; 9.1                            ; --            ; --          ; --             ;
; IP_TOOL_VERSION                    ; 9.1                            ; --            ; --          ; --             ;
; IP_TOOL_VERSION                    ; 9.1                            ; --            ; --          ; --             ;
; IP_TOOL_VERSION                    ; 9.1                            ; --            ; --          ; --             ;
; IP_TOOL_VERSION                    ; 9.1                            ; --            ; --          ; --             ;
; IP_TOOL_VERSION                    ; 9.1                            ; --            ; --          ; --             ;
; IP_TOOL_VERSION                    ; 9.1                            ; --            ; --          ; --             ;
; IP_TOOL_VERSION                    ; 9.1                            ; --            ; --          ; --             ;
; IP_TOOL_VERSION                    ; 9.1                            ; --            ; --          ; --             ;
; IP_TOOL_VERSION                    ; 9.1                            ; --            ; --          ; --             ;
; IP_TOOL_VERSION                    ; 9.1                            ; --            ; --          ; --             ;
; IP_TOOL_VERSION                    ; 9.1                            ; --            ; --          ; --             ;
; IP_TOOL_VERSION                    ; 9.1                            ; --            ; --          ; --             ;
; IP_TOOL_VERSION                    ; 9.1                            ; --            ; --          ; --             ;
; IP_TOOL_VERSION                    ; 9.1                            ; --            ; --          ; --             ;
; IP_TOOL_VERSION                    ; 9.1                            ; --            ; --          ; --             ;
; IP_TOOL_VERSION                    ; 9.1                            ; --            ; --          ; --             ;
; IP_TOOL_VERSION                    ; 9.1                            ; --            ; --          ; --             ;
; IP_TOOL_VERSION                    ; 9.1                            ; --            ; --          ; --             ;
; IP_TOOL_VERSION                    ; 9.1                            ; --            ; --          ; --             ;
; IP_TOOL_VERSION                    ; 9.1                            ; --            ; --          ; --             ;
; IP_TOOL_VERSION                    ; 9.1                            ; --            ; --          ; --             ;
; IP_TOOL_VERSION                    ; 9.1                            ; --            ; --          ; --             ;
; IP_TOOL_VERSION                    ; 9.1                            ; --            ; --          ; --             ;
; IP_TOOL_VERSION                    ; 9.1                            ; --            ; --          ; --             ;
; IP_TOOL_VERSION                    ; 9.1                            ; --            ; --          ; --             ;
; IP_TOOL_VERSION                    ; 9.1                            ; --            ; --          ; --             ;
; IP_TOOL_VERSION                    ; 9.1                            ; --            ; --          ; --             ;
; IP_TOOL_VERSION                    ; 9.1                            ; --            ; --          ; --             ;
; IP_TOOL_VERSION                    ; 9.1                            ; --            ; --          ; --             ;
; MISC_FILE                          ; lpm_dff0.tdf                   ; --            ; --          ; --             ;
; MISC_FILE                          ; lpm_dff0.bsf                   ; --            ; --          ; --             ;
; MISC_FILE                          ; lpm_dff0.inc                   ; --            ; --          ; --             ;
; MISC_FILE                          ; lpm_dff0.cmp                   ; --            ; --          ; --             ;
; MISC_FILE                          ; lpm_decode0.tdf                ; --            ; --          ; --             ;
; MISC_FILE                          ; lpm_decode0.bsf                ; --            ; --          ; --             ;
; MISC_FILE                          ; lpm_decode0.inc                ; --            ; --          ; --             ;
; MISC_FILE                          ; lpm_decode0.cmp                ; --            ; --          ; --             ;
; MISC_FILE                          ; lpm_counter0.tdf               ; --            ; --          ; --             ;
; MISC_FILE                          ; lpm_counter0.bsf               ; --            ; --          ; --             ;
; MISC_FILE                          ; lpm_counter0.inc               ; --            ; --          ; --             ;
; MISC_FILE                          ; lpm_counter0.cmp               ; --            ; --          ; --             ;
; MISC_FILE                          ; lpm_compare0.tdf               ; --            ; --          ; --             ;
; MISC_FILE                          ; lpm_compare0.bsf               ; --            ; --          ; --             ;
; MISC_FILE                          ; lpm_compare0.inc               ; --            ; --          ; --             ;
; MISC_FILE                          ; lpm_compare0.cmp               ; --            ; --          ; --             ;
; MISC_FILE                          ; lpm_compare1.tdf               ; --            ; --          ; --             ;
; MISC_FILE                          ; lpm_compare1.bsf               ; --            ; --          ; --             ;
; MISC_FILE                          ; lpm_compare1.inc               ; --            ; --          ; --             ;
; MISC_FILE                          ; lpm_compare1.cmp               ; --            ; --          ; --             ;
; MISC_FILE                          ; lpm_mux0.tdf                   ; --            ; --          ; --             ;
; MISC_FILE                          ; lpm_mux0.bsf                   ; --            ; --          ; --             ;
; MISC_FILE                          ; lpm_mux0.inc                   ; --            ; --          ; --             ;
; MISC_FILE                          ; lpm_mux0.cmp                   ; --            ; --          ; --             ;
; MISC_FILE                          ; lpm_constant0.tdf              ; --            ; --          ; --             ;
; MISC_FILE                          ; lpm_constant0.bsf              ; --            ; --          ; --             ;
; MISC_FILE                          ; lpm_constant0.inc              ; --            ; --          ; --             ;
; MISC_FILE                          ; lpm_constant0.cmp              ; --            ; --          ; --             ;
; MISC_FILE                          ; lpm_bustri0.tdf                ; --            ; --          ; --             ;
; MISC_FILE                          ; lpm_bustri0.bsf                ; --            ; --          ; --             ;
; MISC_FILE                          ; lpm_bustri0.inc                ; --            ; --          ; --             ;
; MISC_FILE                          ; lpm_bustri0.cmp                ; --            ; --          ; --             ;
; MISC_FILE                          ; lpm_dff1.tdf                   ; --            ; --          ; --             ;
; MISC_FILE                          ; lpm_dff1.bsf                   ; --            ; --          ; --             ;
; MISC_FILE                          ; lpm_dff1.inc                   ; --            ; --          ; --             ;
; MISC_FILE                          ; lpm_dff1.cmp                   ; --            ; --          ; --             ;
; MISC_FILE                          ; lpm_decode1.tdf                ; --            ; --          ; --             ;
; MISC_FILE                          ; lpm_decode1.bsf                ; --            ; --          ; --             ;
; MISC_FILE                          ; lpm_decode1.inc                ; --            ; --          ; --             ;
; MISC_FILE                          ; lpm_decode1.cmp                ; --            ; --          ; --             ;
; MISC_FILE                          ; lpm_mux1.tdf                   ; --            ; --          ; --             ;
; MISC_FILE                          ; lpm_mux1.bsf                   ; --            ; --          ; --             ;
; MISC_FILE                          ; lpm_mux1.inc                   ; --            ; --          ; --             ;
; MISC_FILE                          ; lpm_mux1.cmp                   ; --            ; --          ; --             ;
; MISC_FILE                          ; lpm_bustri1.tdf                ; --            ; --          ; --             ;
; MISC_FILE                          ; lpm_bustri1.bsf                ; --            ; --          ; --             ;
; MISC_FILE                          ; lpm_bustri1.inc                ; --            ; --          ; --             ;
; MISC_FILE                          ; lpm_bustri1.cmp                ; --            ; --          ; --             ;
; MISC_FILE                          ; lpm_inv0.tdf                   ; --            ; --          ; --             ;
; MISC_FILE                          ; lpm_inv0.bsf                   ; --            ; --          ; --             ;
; MISC_FILE                          ; lpm_inv0.inc                   ; --            ; --          ; --             ;
; MISC_FILE                          ; lpm_inv0.cmp                   ; --            ; --          ; --             ;
; MISC_FILE                          ; lpm_or0.tdf                    ; --            ; --          ; --             ;
; MISC_FILE                          ; lpm_or0.bsf                    ; --            ; --          ; --             ;
; MISC_FILE                          ; lpm_or0.inc                    ; --            ; --          ; --             ;
; MISC_FILE                          ; lpm_or0.cmp                    ; --            ; --          ; --             ;
; MISC_FILE                          ; lpm_add_sub0.tdf               ; --            ; --          ; --             ;
; MISC_FILE                          ; lpm_add_sub0.bsf               ; --            ; --          ; --             ;
; MISC_FILE                          ; lpm_add_sub0.inc               ; --            ; --          ; --             ;
; MISC_FILE                          ; lpm_add_sub0.cmp               ; --            ; --          ; --             ;
; MISC_FILE                          ; lpm_clshift0.tdf               ; --            ; --          ; --             ;
; MISC_FILE                          ; lpm_clshift0.bsf               ; --            ; --          ; --             ;
; MISC_FILE                          ; lpm_clshift0.inc               ; --            ; --          ; --             ;
; MISC_FILE                          ; lpm_clshift0.cmp               ; --            ; --          ; --             ;
; MISC_FILE                          ; lpm_rom0.tdf                   ; --            ; --          ; --             ;
; MISC_FILE                          ; lpm_rom0.bsf                   ; --            ; --          ; --             ;
; MISC_FILE                          ; lpm_rom0.inc                   ; --            ; --          ; --             ;
; MISC_FILE                          ; lpm_rom0.cmp                   ; --            ; --          ; --             ;
; MISC_FILE                          ; lpm_ram_dq0.tdf                ; --            ; --          ; --             ;
; MISC_FILE                          ; lpm_ram_dq0.bsf                ; --            ; --          ; --             ;
; MISC_FILE                          ; lpm_ram_dq0.inc                ; --            ; --          ; --             ;
; MISC_FILE                          ; lpm_ram_dq0.cmp                ; --            ; --          ; --             ;
; MISC_FILE                          ; lpm_add_sub1.tdf               ; --            ; --          ; --             ;
; MISC_FILE                          ; lpm_add_sub1.bsf               ; --            ; --          ; --             ;
; MISC_FILE                          ; lpm_add_sub1.inc               ; --            ; --          ; --             ;
; MISC_FILE                          ; lpm_add_sub1.cmp               ; --            ; --          ; --             ;
; MISC_FILE                          ; lpm_add_sub7.tdf               ; --            ; --          ; --             ;
; MISC_FILE                          ; lpm_add_sub7.bsf               ; --            ; --          ; --             ;
; MISC_FILE                          ; lpm_add_sub7.inc               ; --            ; --          ; --             ;
; MISC_FILE                          ; lpm_add_sub7.cmp               ; --            ; --          ; --             ;
; MISC_FILE                          ; lpm_bustri2.tdf                ; --            ; --          ; --             ;
; MISC_FILE                          ; lpm_bustri2.bsf                ; --            ; --          ; --             ;
; MISC_FILE                          ; lpm_bustri2.inc                ; --            ; --          ; --             ;
; MISC_FILE                          ; lpm_bustri2.cmp                ; --            ; --          ; --             ;
; MISC_FILE                          ; lpm_dff2.tdf                   ; --            ; --          ; --             ;
; MISC_FILE                          ; lpm_dff2.bsf                   ; --            ; --          ; --             ;
; MISC_FILE                          ; lpm_dff2.inc                   ; --            ; --          ; --             ;
; MISC_FILE                          ; lpm_dff2.cmp                   ; --            ; --          ; --             ;
; MISC_FILE                          ; lpm_dff3.tdf                   ; --            ; --          ; --             ;
; MISC_FILE                          ; lpm_dff3.bsf                   ; --            ; --          ; --             ;
; MISC_FILE                          ; lpm_dff3.inc                   ; --            ; --          ; --             ;
; MISC_FILE                          ; lpm_dff3.cmp                   ; --            ; --          ; --             ;
; MISC_FILE                          ; lpm_decode2.tdf                ; --            ; --          ; --             ;
; MISC_FILE                          ; lpm_decode2.bsf                ; --            ; --          ; --             ;
; MISC_FILE                          ; lpm_decode2.inc                ; --            ; --          ; --             ;
; MISC_FILE                          ; lpm_decode2.cmp                ; --            ; --          ; --             ;
; MISC_FILE                          ; lpm_counter1.tdf               ; --            ; --          ; --             ;
; MISC_FILE                          ; lpm_counter1.bsf               ; --            ; --          ; --             ;
; MISC_FILE                          ; lpm_counter1.inc               ; --            ; --          ; --             ;
; MISC_FILE                          ; lpm_counter1.cmp               ; --            ; --          ; --             ;
; MISC_FILE                          ; lpm_bustri3.tdf                ; --            ; --          ; --             ;
; MISC_FILE                          ; lpm_bustri3.bsf                ; --            ; --          ; --             ;
; MISC_FILE                          ; lpm_bustri3.inc                ; --            ; --          ; --             ;
; MISC_FILE                          ; lpm_bustri3.cmp                ; --            ; --          ; --             ;
; MISC_FILE                          ; lpm_decode3.tdf                ; --            ; --          ; --             ;
; MISC_FILE                          ; lpm_decode3.bsf                ; --            ; --          ; --             ;
; MISC_FILE                          ; lpm_decode3.inc                ; --            ; --          ; --             ;
; MISC_FILE                          ; lpm_decode3.cmp                ; --            ; --          ; --             ;
; MISC_FILE                          ; lpm_decode4.tdf                ; --            ; --          ; --             ;
; MISC_FILE                          ; lpm_decode4.bsf                ; --            ; --          ; --             ;
; MISC_FILE                          ; lpm_decode4.inc                ; --            ; --          ; --             ;
; MISC_FILE                          ; lpm_decode4.cmp                ; --            ; --          ; --             ;
; MISC_FILE                          ; lpm_dff4.tdf                   ; --            ; --          ; --             ;
; MISC_FILE                          ; lpm_dff4.bsf                   ; --            ; --          ; --             ;
; MISC_FILE                          ; lpm_dff4.inc                   ; --            ; --          ; --             ;
; MISC_FILE                          ; lpm_dff4.cmp                   ; --            ; --          ; --             ;
; MISC_FILE                          ; lpm_add_sub2.tdf               ; --            ; --          ; --             ;
; MISC_FILE                          ; lpm_add_sub2.bsf               ; --            ; --          ; --             ;
; MISC_FILE                          ; lpm_add_sub2.inc               ; --            ; --          ; --             ;
; MISC_FILE                          ; lpm_add_sub2.cmp               ; --            ; --          ; --             ;
; MISC_FILE                          ; lpm_add_sub3.tdf               ; --            ; --          ; --             ;
; MISC_FILE                          ; lpm_add_sub3.bsf               ; --            ; --          ; --             ;
; MISC_FILE                          ; lpm_add_sub3.inc               ; --            ; --          ; --             ;
; MISC_FILE                          ; lpm_add_sub3.cmp               ; --            ; --          ; --             ;
; MISC_FILE                          ; lpm_bustri4.tdf                ; --            ; --          ; --             ;
; MISC_FILE                          ; lpm_bustri4.bsf                ; --            ; --          ; --             ;
; MISC_FILE                          ; lpm_bustri4.inc                ; --            ; --          ; --             ;
; MISC_FILE                          ; lpm_bustri4.cmp                ; --            ; --          ; --             ;
; MISC_FILE                          ; lpm_add_sub4.tdf               ; --            ; --          ; --             ;
; MISC_FILE                          ; lpm_add_sub4.bsf               ; --            ; --          ; --             ;
; MISC_FILE                          ; lpm_add_sub4.inc               ; --            ; --          ; --             ;
; MISC_FILE                          ; lpm_add_sub4.cmp               ; --            ; --          ; --             ;
; MISC_FILE                          ; lpm_compare2.tdf               ; --            ; --          ; --             ;
; MISC_FILE                          ; lpm_compare2.bsf               ; --            ; --          ; --             ;
; MISC_FILE                          ; lpm_compare2.inc               ; --            ; --          ; --             ;
; MISC_FILE                          ; lpm_compare2.cmp               ; --            ; --          ; --             ;
; MISC_FILE                          ; lpm_compare3.tdf               ; --            ; --          ; --             ;
; MISC_FILE                          ; lpm_compare3.bsf               ; --            ; --          ; --             ;
; MISC_FILE                          ; lpm_compare3.inc               ; --            ; --          ; --             ;
; MISC_FILE                          ; lpm_compare3.cmp               ; --            ; --          ; --             ;
; MISC_FILE                          ; lpm_compare4.tdf               ; --            ; --          ; --             ;
; MISC_FILE                          ; lpm_compare4.bsf               ; --            ; --          ; --             ;
; MISC_FILE                          ; lpm_compare4.inc               ; --            ; --          ; --             ;
; MISC_FILE                          ; lpm_compare4.cmp               ; --            ; --          ; --             ;
; MISC_FILE                          ; lpm_counter2.tdf               ; --            ; --          ; --             ;
; MISC_FILE                          ; lpm_counter2.bsf               ; --            ; --          ; --             ;
; MISC_FILE                          ; lpm_counter2.inc               ; --            ; --          ; --             ;
; MISC_FILE                          ; lpm_counter2.cmp               ; --            ; --          ; --             ;
; MISC_FILE                          ; lpm_decode5.tdf                ; --            ; --          ; --             ;
; MISC_FILE                          ; lpm_decode5.bsf                ; --            ; --          ; --             ;
; MISC_FILE                          ; lpm_decode5.inc                ; --            ; --          ; --             ;
; MISC_FILE                          ; lpm_decode5.cmp                ; --            ; --          ; --             ;
; MISC_FILE                          ; lpm_bustri5.tdf                ; --            ; --          ; --             ;
; MISC_FILE                          ; lpm_bustri5.bsf                ; --            ; --          ; --             ;
; MISC_FILE                          ; lpm_bustri5.inc                ; --            ; --          ; --             ;
; MISC_FILE                          ; lpm_bustri5.cmp                ; --            ; --          ; --             ;
; MISC_FILE                          ; lpm_bustri6.tdf                ; --            ; --          ; --             ;
; MISC_FILE                          ; lpm_bustri6.bsf                ; --            ; --          ; --             ;
; MISC_FILE                          ; lpm_bustri6.inc                ; --            ; --          ; --             ;
; MISC_FILE                          ; lpm_bustri6.cmp                ; --            ; --          ; --             ;
; PARTITION_COLOR                    ; 16764057                       ; --            ; main        ; Top            ;
; PARTITION_NETLIST_TYPE             ; SOURCE                         ; --            ; main        ; Top            ;
; TOP_LEVEL_ENTITY                   ; main                           ; project       ; --          ; --             ;
; USE_GENERATED_PHYSICAL_CONSTRAINTS ; Off                            ; --            ; --          ; eda_blast_fpga ;
+------------------------------------+--------------------------------+---------------+-------------+----------------+


+-----------------------------------------------------------------------------------------------------------------------------+
; Flow Elapsed Time                                                                                                           ;
+-------------------------+--------------+-------------------------+---------------------+------------------------------------+
; Module Name             ; Elapsed Time ; Average Processors Used ; Peak Virtual Memory ; Total CPU Time (on all processors) ;
+-------------------------+--------------+-------------------------+---------------------+------------------------------------+
; Analysis & Synthesis    ; 00:00:06     ; 1.0                     ; 234 MB              ; 00:00:07                           ;
; Fitter                  ; 00:00:05     ; 1.0                     ; 248 MB              ; 00:00:05                           ;
; Assembler               ; 00:00:01     ; 1.0                     ; 226 MB              ; 00:00:01                           ;
; Classic Timing Analyzer ; 00:00:00     ; 1.0                     ; 161 MB              ; 00:00:01                           ;
; Total                   ; 00:00:12     ; --                      ; --                  ; 00:00:14                           ;
+-------------------------+--------------+-------------------------+---------------------+------------------------------------+


+------------------------------------------------------------------------------------------+
; Flow OS Summary                                                                          ;
+-------------------------+------------------+---------------+------------+----------------+
; Module Name             ; Machine Hostname ; OS Name       ; OS Version ; Processor type ;
+-------------------------+------------------+---------------+------------+----------------+
; Analysis & Synthesis    ; admin-PC         ; Windows Vista ; 6.1        ; x86_64         ;
; Fitter                  ; admin-PC         ; Windows Vista ; 6.1        ; x86_64         ;
; Assembler               ; admin-PC         ; Windows Vista ; 6.1        ; x86_64         ;
; Classic Timing Analyzer ; admin-PC         ; Windows Vista ; 6.1        ; x86_64         ;
+-------------------------+------------------+---------------+------------+----------------+


------------
; Flow Log ;
------------
quartus_map --read_settings_files=on --write_settings_files=off project -c project
quartus_fit --read_settings_files=off --write_settings_files=off project -c project
quartus_asm --read_settings_files=off --write_settings_files=off project -c project
quartus_tan --read_settings_files=off --write_settings_files=off project -c project --timing_analysis_only



